{"/Users/rcanales/Library/Mobile Documents/com~apple~CloudDocs/rcanalesgci/src/index.ts": {"path":"/Users/rcanales/Library/Mobile Documents/com~apple~CloudDocs/rcanalesgci/src/index.ts","statementMap":{"0":{"start":{"line":1,"column":0},"end":{"line":1,"column":13}},"1":{"start":{"line":2,"column":9},"end":{"line":2,"column":72}},"2":{"start":{"line":2,"column":16},"end":{"line":2,"column":30}},"3":{"start":{"line":2,"column":35},"end":{"line":2,"column":72}},"4":{"start":{"line":2,"column":58},"end":{"line":2,"column":69}},"5":{"start":{"line":3,"column":0},"end":{"line":3,"column":null}},"6":{"start":{"line":1,"column":13},"end":{"line":1,"column":24}},"7":{"start":{"line":8,"column":0},"end":{"line":8,"column":26}}},"fnMap":{"0":{"name":"(anonymous_0)","decl":{"start":{"line":1,"column":0},"end":{"line":1,"column":13}},"loc":{"start":{"line":1,"column":0},"end":{"line":1,"column":13}}},"1":{"name":"(anonymous_2)","decl":{"start":{"line":2,"column":15},"end":{"line":2,"column":16}},"loc":{"start":{"line":2,"column":15},"end":{"line":2,"column":36}}},"2":{"name":"(anonymous_3)","decl":{"start":{"line":2,"column":44},"end":{"line":2,"column":45}},"loc":{"start":{"line":2,"column":53},"end":{"line":2,"column":61}}}},"branchMap":{},"s":{"0":1,"1":1,"2":12,"3":3,"4":6,"5":1,"6":1,"7":1},"f":{"0":1,"1":3,"2":6},"b":{}}
}
